已經開始建置於 2017/1/10 上午 04:48:34。
     1>節點 2 (Rebuild 目標) 上的專案 "C:\Users\John\Documents\Visual Studio 2013\Projects\Image\Image\Image.vcxproj"。
     1>ClCompile:
         D:\Microsoft Visual Studio 12.0\VC\bin\x86_amd64\CL.exe /c /Zi /nologo /W3 /WX- /Ox /Oi /GL /D WIN32 /D NDEBUG /D _CONSOLE /D _LIB /D _UNICODE /D UNICODE /Gm- /EHsc /MD /GS /Gy /fp:precise /Zc:wchar_t /Zc:forScope /Fo"x64\Release\\" /Fd"x64\Release\vc120.pdb" /Gd /TP /errorReport:prompt main.cpp
         main.cpp
     1>main.cpp(31): warning C4244: '=' : 將 'double' 轉換為 'unsigned char'，由於類型不同，可能導致資料遺失
     1>main.cpp(47): warning C4244: '=' : 將 'double' 轉換為 'unsigned char'，由於類型不同，可能導致資料遺失
     1>main.cpp(62): warning C4244: '=' : 將 'double' 轉換為 'unsigned char'，由於類型不同，可能導致資料遺失
     1>main.cpp(78): warning C4244: '=' : 將 'double' 轉換為 'unsigned char'，由於類型不同，可能導致資料遺失
     1>main.cpp(93): warning C4244: '=' : 將 'double' 轉換為 'unsigned char'，由於類型不同，可能導致資料遺失
     1>main.cpp(109): warning C4244: '=' : 將 'double' 轉換為 'unsigned char'，由於類型不同，可能導致資料遺失
     1>main.cpp(214): warning C4244: '=' : 將 'double' 轉換為 'int'，由於類型不同，可能導致資料遺失
       Link:
         D:\Microsoft Visual Studio 12.0\VC\bin\x86_amd64\link.exe /ERRORREPORT:PROMPT /OUT:"C:\Users\John\Documents\Visual Studio 2013\Projects\Image\x64\Release\Image.exe" /INCREMENTAL:NO /NOLOGO opencv_core2413.lib opencv_highgui2413.lib opencv_imgproc2413.lib kernel32.lib user32.lib gdi32.lib winspool.lib comdlg32.lib advapi32.lib shell32.lib ole32.lib oleaut32.lib uuid.lib odbc32.lib odbccp32.lib /MANIFEST /MANIFESTUAC:"level='asInvoker' uiAccess='false'" /manifest:embed /DEBUG /PDB:"C:\Users\John\Documents\Visual Studio 2013\Projects\Image\x64\Release\Image.pdb" /SUBSYSTEM:CONSOLE /OPT:REF /OPT:ICF /LTCG /TLBID:1 /DYNAMICBASE /NXCOMPAT /IMPLIB:"C:\Users\John\Documents\Visual Studio 2013\Projects\Image\x64\Release\Image.lib" /MACHINE:X64 x64\Release\main.obj
         正在產生程式碼
         已完成程式碼產生
         Image.vcxproj -> C:\Users\John\Documents\Visual Studio 2013\Projects\Image\x64\Release\Image.exe
     1>專案 "C:\Users\John\Documents\Visual Studio 2013\Projects\Image\Image\Image.vcxproj" (Rebuild 目標) 建置完成。

建置成功。

經過時間 00:00:04.21
